[2019-12-03 11:09:03,911] multiqc                                            [DEBUG  ]  No MultiQC config found: /home/henschen/.conda/envs/my_root/lib/python3.6/site-packages/multiqc_config.yaml
[2019-12-03 11:09:03,911] multiqc                                            [DEBUG  ]  No MultiQC config found: /home/henschen/.multiqc_config.yaml
[2019-12-03 11:09:03,911] multiqc                                            [DEBUG  ]  No MultiQC config found: multiqc_config.yaml
[2019-12-03 11:09:03,911] multiqc                                            [DEBUG  ]  Command used: /home/henschen/.conda/envs/my_root/bin/multiqc .
[2019-12-03 11:09:04,776] multiqc                                            [DEBUG  ]  Latest MultiQC version is v1.8
[2019-12-03 11:09:04,777] multiqc                                            [INFO   ]  This is MultiQC v1.8
[2019-12-03 11:09:04,777] multiqc                                            [DEBUG  ]  Command     : /home/henschen/.conda/envs/my_root/bin/multiqc .
[2019-12-03 11:09:04,777] multiqc                                            [DEBUG  ]  Working dir : /work/GIF/henschen/Learning_Bioinformatics/RNASeqTutorial/01_DeNovoAssembly/fastqcOutput
[2019-12-03 11:09:04,777] multiqc                                            [INFO   ]  Template    : default
[2019-12-03 11:09:04,777] multiqc                                            [DEBUG  ]  Running Python 3.6.3 |Anaconda, Inc.| (default, Oct 13 2017, 12:02:49)  [GCC 7.2.0]
[2019-12-03 11:09:04,777] multiqc                                            [INFO   ]  Searching   : /work/GIF/henschen/Learning_Bioinformatics/RNASeqTutorial/01_DeNovoAssembly/fastqcOutput
[2019-12-03 11:09:04,777] multiqc                                            [DEBUG  ]  Analysing modules: custom_content, conpair, peddy, methylQA, phantompeakqualtools, qualimap, preseq, quast, qorts, rna_seqc, rsem, rseqc, busco, goleft_indexcov, disambiguate, supernova, deeptools, sargasso, verifybamid, mirtrace, happy, homer, macs2, theta2, snpeff, gatk, htseq, bcftools, featureCounts, fgbio, dedup, damageprofiler, biobambam2, mtnucratio, picard, prokka, samblaster, samtools, sexdeterrmine, bamtools, jellyfish, vcftools, longranger, stacks, bbmap, bismark, biscuit, hicexplorer, hicup, hicpro, salmon, kallisto, slamdunk, star, hisat2, tophat, bowtie2, bowtie1, kat, leehom, adapterRemoval, clipandmerge, cutadapt, flexbar, trimmomatic, skewer, sortmerna, biobloomtools, fastq_screen, afterqc, fastp, fastqc, minionqc, mosdepth, clusterflow, bcl2fastq, interop, flash, seqyclean
[2019-12-03 11:09:04,777] multiqc                                            [DEBUG  ]  Using temporary directory for creating report: /scratch/henschen/tmp5o11nh3s
[2019-12-03 11:09:04,856] multiqc                                            [DEBUG  ]  Ignoring file as matched an ignore pattern: SRR4420293_2_fastqc.html
[2019-12-03 11:09:04,862] multiqc                                            [DEBUG  ]  Ignoring file as matched an ignore pattern: SRR4420294_2_fastqc.html
[2019-12-03 11:09:04,862] multiqc                                            [DEBUG  ]  Ignoring file as matched an ignore pattern: SRR4420295_1_fastqc.html
[2019-12-03 11:09:04,863] multiqc                                            [DEBUG  ]  Ignoring file as matched an ignore pattern: SRR4420295_2_fastqc.html
[2019-12-03 11:09:04,863] multiqc                                            [DEBUG  ]  Ignoring file as matched an ignore pattern: SRR4420294_1_fastqc.html
[2019-12-03 11:09:04,863] multiqc                                            [DEBUG  ]  Ignoring file as matched an ignore pattern: SRR4420293_1_fastqc.html
[2019-12-03 11:09:28,631] multiqc.plots.bargraph                             [DEBUG  ]  Using matplotlib version 2.2.2
[2019-12-03 11:09:28,633] multiqc.plots.linegraph                            [DEBUG  ]  Using matplotlib version 2.2.2
[2019-12-03 11:09:28,635] multiqc                                            [DEBUG  ]  No samples found: custom_content
[2019-12-03 11:09:28,641] multiqc                                            [DEBUG  ]  No samples found: conpair
[2019-12-03 11:09:28,645] multiqc                                            [DEBUG  ]  No samples found: peddy
[2019-12-03 11:09:28,650] multiqc                                            [DEBUG  ]  No samples found: methylQA
[2019-12-03 11:09:28,654] multiqc                                            [DEBUG  ]  No samples found: phantompeakqualtools
[2019-12-03 11:09:28,659] multiqc                                            [DEBUG  ]  No samples found: qualimap
[2019-12-03 11:09:28,663] multiqc                                            [DEBUG  ]  No samples found: preseq
[2019-12-03 11:09:28,667] multiqc                                            [DEBUG  ]  No samples found: quast
[2019-12-03 11:09:28,672] multiqc                                            [DEBUG  ]  No samples found: qorts
[2019-12-03 11:09:28,676] multiqc                                            [DEBUG  ]  No samples found: rna_seqc
[2019-12-03 11:09:28,680] multiqc                                            [DEBUG  ]  No samples found: rsem
[2019-12-03 11:09:28,690] multiqc                                            [DEBUG  ]  No samples found: rseqc
[2019-12-03 11:09:28,694] multiqc                                            [DEBUG  ]  No samples found: busco
[2019-12-03 11:09:28,699] multiqc                                            [DEBUG  ]  No samples found: goleft_indexcov
[2019-12-03 11:09:28,703] multiqc                                            [DEBUG  ]  No samples found: disambiguate
[2019-12-03 11:09:28,708] multiqc                                            [DEBUG  ]  No samples found: supernova
[2019-12-03 11:09:28,718] multiqc                                            [DEBUG  ]  No samples found: deeptools
[2019-12-03 11:09:28,722] multiqc                                            [DEBUG  ]  No samples found: sargasso
[2019-12-03 11:09:28,726] multiqc                                            [DEBUG  ]  No samples found: verifybamid
[2019-12-03 11:09:28,731] multiqc                                            [DEBUG  ]  No samples found: mirtrace
[2019-12-03 11:09:28,735] multiqc                                            [DEBUG  ]  No samples found: happy
[2019-12-03 11:09:28,741] multiqc                                            [DEBUG  ]  No samples found: homer
[2019-12-03 11:09:28,745] multiqc                                            [DEBUG  ]  No samples found: macs2
[2019-12-03 11:09:28,749] multiqc                                            [DEBUG  ]  No samples found: theta2
[2019-12-03 11:09:28,753] multiqc                                            [DEBUG  ]  No samples found: snpeff
[2019-12-03 11:09:28,759] multiqc                                            [DEBUG  ]  No samples found: gatk
[2019-12-03 11:09:28,764] multiqc                                            [DEBUG  ]  No samples found: htseq
[2019-12-03 11:09:28,769] multiqc                                            [DEBUG  ]  No samples found: bcftools
[2019-12-03 11:09:28,773] multiqc                                            [DEBUG  ]  No samples found: featureCounts
[2019-12-03 11:09:28,778] multiqc                                            [DEBUG  ]  No samples found: fgbio
[2019-12-03 11:09:28,782] multiqc                                            [DEBUG  ]  No samples found: dedup
[2019-12-03 11:09:28,786] multiqc                                            [DEBUG  ]  No samples found: damageprofiler
[2019-12-03 11:09:28,802] multiqc                                            [DEBUG  ]  No samples found: biobambam2
[2019-12-03 11:09:28,806] multiqc                                            [DEBUG  ]  No samples found: mtnucratio
[2019-12-03 11:09:28,809] multiqc                                            [DEBUG  ]  No samples found: picard
[2019-12-03 11:09:28,813] multiqc                                            [DEBUG  ]  No samples found: prokka
[2019-12-03 11:09:28,817] multiqc                                            [DEBUG  ]  No samples found: samblaster
[2019-12-03 11:09:28,824] multiqc                                            [DEBUG  ]  No samples found: samtools
[2019-12-03 11:09:28,829] multiqc                                            [DEBUG  ]  No samples found: sexdeterrmine
[2019-12-03 11:09:28,833] multiqc                                            [DEBUG  ]  No samples found: bamtools
[2019-12-03 11:09:28,838] multiqc                                            [DEBUG  ]  No samples found: jellyfish
[2019-12-03 11:09:28,845] multiqc                                            [DEBUG  ]  No samples found: vcftools
[2019-12-03 11:09:28,850] multiqc                                            [DEBUG  ]  No samples found: longranger
[2019-12-03 11:09:28,854] multiqc                                            [DEBUG  ]  No samples found: stacks
[2019-12-03 11:09:28,866] multiqc                                            [DEBUG  ]  No samples found: bbmap
[2019-12-03 11:09:28,871] multiqc                                            [DEBUG  ]  No samples found: bismark
[2019-12-03 11:09:28,875] multiqc                                            [DEBUG  ]  No samples found: biscuit
[2019-12-03 11:09:28,879] multiqc                                            [DEBUG  ]  No samples found: hicexplorer
[2019-12-03 11:09:28,884] multiqc                                            [DEBUG  ]  No samples found: hicup
[2019-12-03 11:09:28,888] multiqc                                            [DEBUG  ]  No samples found: hicpro
[2019-12-03 11:09:28,893] multiqc                                            [DEBUG  ]  No samples found: salmon
[2019-12-03 11:09:28,897] multiqc                                            [DEBUG  ]  No samples found: kallisto
[2019-12-03 11:09:28,902] multiqc                                            [DEBUG  ]  No samples found: slamdunk
[2019-12-03 11:09:28,906] multiqc                                            [DEBUG  ]  No samples found: star
[2019-12-03 11:09:28,910] multiqc                                            [DEBUG  ]  No samples found: hisat2
[2019-12-03 11:09:28,915] multiqc                                            [DEBUG  ]  No samples found: tophat
[2019-12-03 11:09:28,919] multiqc                                            [DEBUG  ]  No samples found: bowtie2
[2019-12-03 11:09:28,923] multiqc                                            [DEBUG  ]  No samples found: bowtie1
[2019-12-03 11:09:28,928] multiqc                                            [DEBUG  ]  No samples found: kat
[2019-12-03 11:09:28,932] multiqc                                            [DEBUG  ]  No samples found: leehom
[2019-12-03 11:09:28,936] multiqc                                            [DEBUG  ]  No samples found: adapterRemoval
[2019-12-03 11:09:28,940] multiqc                                            [DEBUG  ]  No samples found: clipandmerge
[2019-12-03 11:09:28,945] multiqc                                            [DEBUG  ]  No samples found: cutadapt
[2019-12-03 11:09:28,949] multiqc                                            [DEBUG  ]  No samples found: flexbar
[2019-12-03 11:09:28,953] multiqc                                            [DEBUG  ]  No samples found: trimmomatic
[2019-12-03 11:09:28,958] multiqc                                            [DEBUG  ]  No samples found: skewer
[2019-12-03 11:09:28,962] multiqc                                            [DEBUG  ]  No samples found: sortmerna
[2019-12-03 11:09:28,967] multiqc                                            [DEBUG  ]  No samples found: biobloomtools
[2019-12-03 11:09:28,972] multiqc                                            [DEBUG  ]  No samples found: fastq_screen
[2019-12-03 11:09:28,976] multiqc                                            [DEBUG  ]  No samples found: afterqc
[2019-12-03 11:09:28,980] multiqc                                            [DEBUG  ]  No samples found: fastp
[2019-12-03 11:09:29,066] multiqc.modules.fastqc.fastqc                      [INFO   ]  Found 6 reports
[2019-12-03 11:09:29,192] multiqc                                            [DEBUG  ]  No samples found: minionqc
[2019-12-03 11:09:29,196] multiqc                                            [DEBUG  ]  No samples found: mosdepth
[2019-12-03 11:09:29,201] multiqc                                            [DEBUG  ]  No samples found: clusterflow
[2019-12-03 11:09:29,206] multiqc                                            [DEBUG  ]  No samples found: bcl2fastq
[2019-12-03 11:09:29,210] multiqc                                            [DEBUG  ]  No samples found: interop
[2019-12-03 11:09:29,215] multiqc                                            [DEBUG  ]  No samples found: flash
[2019-12-03 11:09:29,220] multiqc                                            [DEBUG  ]  No samples found: seqyclean
[2019-12-03 11:09:29,227] multiqc                                            [INFO   ]  Compressing plot data
[2019-12-03 11:09:29,320] multiqc                                            [INFO   ]  Report      : multiqc_report.html
[2019-12-03 11:09:29,320] multiqc                                            [INFO   ]  Data        : multiqc_data
[2019-12-03 11:09:29,327] multiqc                                            [DEBUG  ]  Moving data file from '/scratch/henschen/tmp5o11nh3s/multiqc_data/multiqc_qualimap_bamqc_genome_results.txt' to '/work/GIF/henschen/Learning_Bioinformatics/RNASeqTutorial/01_DeNovoAssembly/fastqcOutput/multiqc_data'
[2019-12-03 11:09:29,344] multiqc                                            [DEBUG  ]  Moving data file from '/scratch/henschen/tmp5o11nh3s/multiqc_data/multiqc_fastqc.txt' to '/work/GIF/henschen/Learning_Bioinformatics/RNASeqTutorial/01_DeNovoAssembly/fastqcOutput/multiqc_data'
[2019-12-03 11:09:29,358] multiqc                                            [DEBUG  ]  Moving data file from '/scratch/henschen/tmp5o11nh3s/multiqc_data/multiqc_general_stats.txt' to '/work/GIF/henschen/Learning_Bioinformatics/RNASeqTutorial/01_DeNovoAssembly/fastqcOutput/multiqc_data'
[2019-12-03 11:09:29,370] multiqc                                            [DEBUG  ]  Moving data file from '/scratch/henschen/tmp5o11nh3s/multiqc_data/multiqc_sources.txt' to '/work/GIF/henschen/Learning_Bioinformatics/RNASeqTutorial/01_DeNovoAssembly/fastqcOutput/multiqc_data'
[2019-12-03 11:09:29,384] multiqc                                            [DEBUG  ]  Moving data file from '/scratch/henschen/tmp5o11nh3s/multiqc_data/multiqc_data.json' to '/work/GIF/henschen/Learning_Bioinformatics/RNASeqTutorial/01_DeNovoAssembly/fastqcOutput/multiqc_data'
[2019-12-03 11:09:29,549] multiqc                                            [INFO   ]  MultiQC complete
